2026-06-11T08:48:12.046125Z  INFO tailwindcss_oxide::scanner: Provided sources:
2026-06-11T08:48:12.047074Z  INFO tailwindcss_oxide::scanner: Source: PublicSourceEntry { base: "C:/Users/Parsh/Downloads/memory-ticket-app-prompt", pattern: "**/*", negated: false }
2026-06-11T08:48:12.048196Z  INFO tailwindcss_oxide::scanner: Optimized sources:
2026-06-11T08:48:12.048241Z  INFO tailwindcss_oxide::scanner: Source: Auto { base: "C:\\Users\\Parsh\\Downloads\\memory-ticket-app-prompt" }
2026-06-11T08:48:12.062191Z  INFO scan_sources: tailwindcss_oxide::scanner: enter
2026-06-11T08:48:12.063157Z  INFO scan_sources: tailwindcss_oxide::scanner: Discovering "C:\\Users\\Parsh\\Downloads\\memory-ticket-app-prompt\\.idea"
2026-06-11T08:48:12.063853Z  INFO scan_sources: tailwindcss_oxide::scanner: Discovering "C:\\Users\\Parsh\\Downloads\\memory-ticket-app-prompt\\.idea\\caches"
2026-06-11T08:48:12.064033Z  INFO scan_sources: tailwindcss_oxide::scanner: Discovering "C:\\Users\\Parsh\\Downloads\\memory-ticket-app-prompt\\.idea\\caches\\deviceStreaming.xml"
2026-06-11T08:48:12.064143Z  INFO scan_sources: tailwindcss_oxide::scanner: Discovering "C:\\Users\\Parsh\\Downloads\\memory-ticket-app-prompt\\.idea\\deviceManager.xml"
2026-06-11T08:48:12.064219Z  INFO scan_sources: tailwindcss_oxide::scanner: Discovering "C:\\Users\\Parsh\\Downloads\\memory-ticket-app-prompt\\.idea\\memory-ticket-app-prompt.iml"
2026-06-11T08:48:12.064291Z  INFO scan_sources: tailwindcss_oxide::scanner: Discovering "C:\\Users\\Parsh\\Downloads\\memory-ticket-app-prompt\\.idea\\misc.xml"
2026-06-11T08:48:12.064363Z  INFO scan_sources: tailwindcss_oxide::scanner: Discovering "C:\\Users\\Parsh\\Downloads\\memory-ticket-app-prompt\\.idea\\modules.xml"
2026-06-11T08:48:12.064537Z  INFO scan_sources: tailwindcss_oxide::scanner: Discovering "C:\\Users\\Parsh\\Downloads\\memory-ticket-app-prompt\\dist"
2026-06-11T08:48:12.064766Z  INFO scan_sources: tailwindcss_oxide::scanner: Discovering "C:\\Users\\Parsh\\Downloads\\memory-ticket-app-prompt\\dist\\icon.svg"
2026-06-11T08:48:12.064851Z  INFO scan_sources: tailwindcss_oxide::scanner: Discovering "C:\\Users\\Parsh\\Downloads\\memory-ticket-app-prompt\\dist\\index.html"
2026-06-11T08:48:12.064937Z  INFO scan_sources: tailwindcss_oxide::scanner: Discovering "C:\\Users\\Parsh\\Downloads\\memory-ticket-app-prompt\\dist\\manifest.webmanifest"
2026-06-11T08:48:12.065017Z  INFO scan_sources: tailwindcss_oxide::scanner: Discovering "C:\\Users\\Parsh\\Downloads\\memory-ticket-app-prompt\\dist\\registerSW.js"
2026-06-11T08:48:12.065118Z  INFO scan_sources: tailwindcss_oxide::scanner: Discovering "C:\\Users\\Parsh\\Downloads\\memory-ticket-app-prompt\\dist\\sw.js"
2026-06-11T08:48:12.065204Z  INFO scan_sources: tailwindcss_oxide::scanner: Discovering "C:\\Users\\Parsh\\Downloads\\memory-ticket-app-prompt\\dist\\workbox-4e9e9954.js"
2026-06-11T08:48:12.065339Z  INFO scan_sources: tailwindcss_oxide::scanner: Discovering "C:\\Users\\Parsh\\Downloads\\memory-ticket-app-prompt\\index.html"
2026-06-11T08:48:12.065668Z  INFO scan_sources: tailwindcss_oxide::scanner: Discovering "C:\\Users\\Parsh\\Downloads\\memory-ticket-app-prompt\\package.json"
2026-06-11T08:48:12.065847Z  INFO scan_sources: tailwindcss_oxide::scanner: Discovering "C:\\Users\\Parsh\\Downloads\\memory-ticket-app-prompt\\public"
2026-06-11T08:48:12.066090Z  INFO scan_sources: tailwindcss_oxide::scanner: Discovering "C:\\Users\\Parsh\\Downloads\\memory-ticket-app-prompt\\public\\icon.svg"
2026-06-11T08:48:12.066206Z  INFO scan_sources: tailwindcss_oxide::scanner: Discovering "C:\\Users\\Parsh\\Downloads\\memory-ticket-app-prompt\\README.md"
2026-06-11T08:48:12.066325Z  INFO scan_sources: tailwindcss_oxide::scanner: Discovering "C:\\Users\\Parsh\\Downloads\\memory-ticket-app-prompt\\src"
2026-06-11T08:48:12.066472Z  INFO scan_sources: tailwindcss_oxide::scanner: Discovering "C:\\Users\\Parsh\\Downloads\\memory-ticket-app-prompt\\src\\App.tsx"
2026-06-11T08:48:12.066650Z  INFO scan_sources: tailwindcss_oxide::scanner: Discovering "C:\\Users\\Parsh\\Downloads\\memory-ticket-app-prompt\\src\\components"
2026-06-11T08:48:12.066881Z  INFO scan_sources: tailwindcss_oxide::scanner: Discovering "C:\\Users\\Parsh\\Downloads\\memory-ticket-app-prompt\\src\\components\\BottomNav.tsx"
2026-06-11T08:48:12.066967Z  INFO scan_sources: tailwindcss_oxide::scanner: Discovering "C:\\Users\\Parsh\\Downloads\\memory-ticket-app-prompt\\src\\components\\ErrorBoundary.tsx"
2026-06-11T08:48:12.067070Z  INFO scan_sources: tailwindcss_oxide::scanner: Discovering "C:\\Users\\Parsh\\Downloads\\memory-ticket-app-prompt\\src\\components\\Particles.tsx"
2026-06-11T08:48:12.067168Z  INFO scan_sources: tailwindcss_oxide::scanner: Discovering "C:\\Users\\Parsh\\Downloads\\memory-ticket-app-prompt\\src\\components\\Skeleton.tsx"
2026-06-11T08:48:12.067296Z  INFO scan_sources: tailwindcss_oxide::scanner: Discovering "C:\\Users\\Parsh\\Downloads\\memory-ticket-app-prompt\\src\\components\\Ticket.tsx"
2026-06-11T08:48:12.067450Z  INFO scan_sources: tailwindcss_oxide::scanner: Discovering "C:\\Users\\Parsh\\Downloads\\memory-ticket-app-prompt\\src\\hooks"
2026-06-11T08:48:12.067621Z  INFO scan_sources: tailwindcss_oxide::scanner: Discovering "C:\\Users\\Parsh\\Downloads\\memory-ticket-app-prompt\\src\\hooks\\useTicketDownload.ts"
2026-06-11T08:48:12.067695Z  INFO scan_sources: tailwindcss_oxide::scanner: Discovering "C:\\Users\\Parsh\\Downloads\\memory-ticket-app-prompt\\src\\hooks\\useTicketShare.ts"
2026-06-11T08:48:12.067804Z  INFO scan_sources: tailwindcss_oxide::scanner: Discovering "C:\\Users\\Parsh\\Downloads\\memory-ticket-app-prompt\\src\\hooks\\useToast.tsx"
2026-06-11T08:48:12.067918Z  INFO scan_sources: tailwindcss_oxide::scanner: Discovering "C:\\Users\\Parsh\\Downloads\\memory-ticket-app-prompt\\src\\index.css"
2026-06-11T08:48:12.067986Z  INFO scan_sources: tailwindcss_oxide::scanner: Discovering "C:\\Users\\Parsh\\Downloads\\memory-ticket-app-prompt\\src\\main.tsx"
2026-06-11T08:48:12.068132Z  INFO scan_sources: tailwindcss_oxide::scanner: Discovering "C:\\Users\\Parsh\\Downloads\\memory-ticket-app-prompt\\src\\screens"
2026-06-11T08:48:12.068326Z  INFO scan_sources: tailwindcss_oxide::scanner: Discovering "C:\\Users\\Parsh\\Downloads\\memory-ticket-app-prompt\\src\\screens\\AddMemory.tsx"
2026-06-11T08:48:12.068554Z  INFO scan_sources: tailwindcss_oxide::scanner: Discovering "C:\\Users\\Parsh\\Downloads\\memory-ticket-app-prompt\\src\\screens\\Auth.tsx"
2026-06-11T08:48:12.068697Z  INFO scan_sources: tailwindcss_oxide::scanner: Discovering "C:\\Users\\Parsh\\Downloads\\memory-ticket-app-prompt\\src\\screens\\Gallery.tsx"
2026-06-11T08:48:12.068769Z  INFO scan_sources: tailwindcss_oxide::scanner: Discovering "C:\\Users\\Parsh\\Downloads\\memory-ticket-app-prompt\\src\\screens\\Home.tsx"
2026-06-11T08:48:12.068864Z  INFO scan_sources: tailwindcss_oxide::scanner: Discovering "C:\\Users\\Parsh\\Downloads\\memory-ticket-app-prompt\\src\\screens\\MemoryDetails.tsx"
2026-06-11T08:48:12.068942Z  INFO scan_sources: tailwindcss_oxide::scanner: Discovering "C:\\Users\\Parsh\\Downloads\\memory-ticket-app-prompt\\src\\screens\\MoodAnalytics.tsx"
2026-06-11T08:48:12.069067Z  INFO scan_sources: tailwindcss_oxide::scanner: Discovering "C:\\Users\\Parsh\\Downloads\\memory-ticket-app-prompt\\src\\screens\\Profile.tsx"
2026-06-11T08:48:12.069226Z  INFO scan_sources: tailwindcss_oxide::scanner: Discovering "C:\\Users\\Parsh\\Downloads\\memory-ticket-app-prompt\\src\\screens\\Splash.tsx"
2026-06-11T08:48:12.069316Z  INFO scan_sources: tailwindcss_oxide::scanner: Discovering "C:\\Users\\Parsh\\Downloads\\memory-ticket-app-prompt\\src\\screens\\Timeline.tsx"
2026-06-11T08:48:12.069446Z  INFO scan_sources: tailwindcss_oxide::scanner: Discovering "C:\\Users\\Parsh\\Downloads\\memory-ticket-app-prompt\\src\\storage.ts"
2026-06-11T08:48:12.069518Z  INFO scan_sources: tailwindcss_oxide::scanner: Discovering "C:\\Users\\Parsh\\Downloads\\memory-ticket-app-prompt\\src\\types.ts"
2026-06-11T08:48:12.069678Z  INFO scan_sources: tailwindcss_oxide::scanner: Discovering "C:\\Users\\Parsh\\Downloads\\memory-ticket-app-prompt\\src\\utils"
2026-06-11T08:48:12.069814Z  INFO scan_sources: tailwindcss_oxide::scanner: Discovering "C:\\Users\\Parsh\\Downloads\\memory-ticket-app-prompt\\src\\utils\\captions.ts"
2026-06-11T08:48:12.069953Z  INFO scan_sources: tailwindcss_oxide::scanner: Discovering "C:\\Users\\Parsh\\Downloads\\memory-ticket-app-prompt\\src\\utils\\capture.ts"
2026-06-11T08:48:12.070050Z  INFO scan_sources: tailwindcss_oxide::scanner: Discovering "C:\\Users\\Parsh\\Downloads\\memory-ticket-app-prompt\\src\\utils\\cn.ts"
2026-06-11T08:48:12.070178Z  INFO scan_sources: tailwindcss_oxide::scanner: Discovering "C:\\Users\\Parsh\\Downloads\\memory-ticket-app-prompt\\src\\vite-env.d.ts"
2026-06-11T08:48:12.070313Z  INFO scan_sources: tailwindcss_oxide::scanner: Discovering "C:\\Users\\Parsh\\Downloads\\memory-ticket-app-prompt\\tsconfig.json"
2026-06-11T08:48:12.070391Z  INFO scan_sources: tailwindcss_oxide::scanner: Discovering "C:\\Users\\Parsh\\Downloads\\memory-ticket-app-prompt\\vite.config.ts"
2026-06-11T08:48:12.070483Z  INFO scan_sources: tailwindcss_oxide::scanner: exit
2026-06-11T08:48:12.070499Z  INFO extract_candidates: tailwindcss_oxide::scanner: enter
2026-06-11T08:48:12.070507Z  INFO extract_candidates:read_all_files: tailwindcss_oxide::scanner: enter
2026-06-11T08:48:12.070511Z  INFO extract_candidates:read_all_files: tailwindcss_oxide::scanner: Reading 42 file(s)
2026-06-11T08:48:12.071112Z  INFO tailwindcss_oxide::scanner: Reading "C:\\Users\\Parsh\\Downloads\\memory-ticket-app-prompt\\src\\hooks\\useTicketDownload.ts"
2026-06-11T08:48:12.071146Z  INFO tailwindcss_oxide::scanner: Reading "C:\\Users\\Parsh\\Downloads\\memory-ticket-app-prompt\\.idea\\caches\\deviceStreaming.xml"
2026-06-11T08:48:12.071217Z  INFO tailwindcss_oxide::scanner: Reading "C:\\Users\\Parsh\\Downloads\\memory-ticket-app-prompt\\src\\hooks\\useTicketShare.ts"
2026-06-11T08:48:12.071319Z  INFO tailwindcss_oxide::scanner: Reading "C:\\Users\\Parsh\\Downloads\\memory-ticket-app-prompt\\dist\\workbox-4e9e9954.js"
2026-06-11T08:48:12.071376Z  INFO tailwindcss_oxide::scanner: Reading "C:\\Users\\Parsh\\Downloads\\memory-ticket-app-prompt\\.idea\\deviceManager.xml"
2026-06-11T08:48:12.071390Z  INFO tailwindcss_oxide::scanner: Reading "C:\\Users\\Parsh\\Downloads\\memory-ticket-app-prompt\\src\\hooks\\useToast.tsx"
2026-06-11T08:48:12.071412Z  INFO tailwindcss_oxide::scanner: Reading "C:\\Users\\Parsh\\Downloads\\memory-ticket-app-prompt\\src\\App.tsx"
2026-06-11T08:48:12.071470Z  INFO tailwindcss_oxide::scanner: Reading "C:\\Users\\Parsh\\Downloads\\memory-ticket-app-prompt\\index.html"
2026-06-11T08:48:12.071529Z  INFO tailwindcss_oxide::scanner: Reading "C:\\Users\\Parsh\\Downloads\\memory-ticket-app-prompt\\.idea\\memory-ticket-app-prompt.iml"
2026-06-11T08:48:12.071541Z  INFO tailwindcss_oxide::scanner: Reading "C:\\Users\\Parsh\\Downloads\\memory-ticket-app-prompt\\src\\screens\\Profile.tsx"
2026-06-11T08:48:12.071588Z  INFO tailwindcss_oxide::scanner: Reading "C:\\Users\\Parsh\\Downloads\\memory-ticket-app-prompt\\src\\components\\BottomNav.tsx"
2026-06-11T08:48:12.071599Z  INFO tailwindcss_oxide::scanner: Reading "C:\\Users\\Parsh\\Downloads\\memory-ticket-app-prompt\\package.json"
2026-06-11T08:48:12.071609Z  INFO tailwindcss_oxide::scanner: Reading "C:\\Users\\Parsh\\Downloads\\memory-ticket-app-prompt\\dist\\icon.svg"
2026-06-11T08:48:12.071698Z  INFO tailwindcss_oxide::scanner: Reading "C:\\Users\\Parsh\\Downloads\\memory-ticket-app-prompt\\src\\components\\ErrorBoundary.tsx"
2026-06-11T08:48:12.071707Z  INFO tailwindcss_oxide::scanner: Reading "C:\\Users\\Parsh\\Downloads\\memory-ticket-app-prompt\\.idea\\misc.xml"
2026-06-11T08:48:12.071706Z  INFO tailwindcss_oxide::scanner: Reading "C:\\Users\\Parsh\\Downloads\\memory-ticket-app-prompt\\public\\icon.svg"
2026-06-11T08:48:12.071660Z  INFO tailwindcss_oxide::scanner: Reading "C:\\Users\\Parsh\\Downloads\\memory-ticket-app-prompt\\src\\screens\\Splash.tsx"
2026-06-11T08:48:12.071787Z  INFO tailwindcss_oxide::scanner: Reading "C:\\Users\\Parsh\\Downloads\\memory-ticket-app-prompt\\README.md"
2026-06-11T08:48:12.071788Z  INFO tailwindcss_oxide::scanner: Reading "C:\\Users\\Parsh\\Downloads\\memory-ticket-app-prompt\\.idea\\modules.xml"
2026-06-11T08:48:12.071812Z  INFO tailwindcss_oxide::scanner: Reading "C:\\Users\\Parsh\\Downloads\\memory-ticket-app-prompt\\src\\components\\Particles.tsx"
2026-06-11T08:48:12.071843Z  INFO tailwindcss_oxide::scanner: Reading "C:\\Users\\Parsh\\Downloads\\memory-ticket-app-prompt\\src\\screens\\Auth.tsx"
2026-06-11T08:48:12.071872Z  INFO tailwindcss_oxide::scanner: Reading "C:\\Users\\Parsh\\Downloads\\memory-ticket-app-prompt\\src\\screens\\AddMemory.tsx"
2026-06-11T08:48:12.071926Z  INFO tailwindcss_oxide::scanner: Reading "C:\\Users\\Parsh\\Downloads\\memory-ticket-app-prompt\\src\\screens\\Gallery.tsx"
2026-06-11T08:48:12.071932Z  INFO tailwindcss_oxide::scanner: Reading "C:\\Users\\Parsh\\Downloads\\memory-ticket-app-prompt\\src\\screens\\Timeline.tsx"
2026-06-11T08:48:12.071940Z  INFO tailwindcss_oxide::scanner: Reading "C:\\Users\\Parsh\\Downloads\\memory-ticket-app-prompt\\src\\components\\Skeleton.tsx"
2026-06-11T08:48:12.071958Z  INFO tailwindcss_oxide::scanner: Reading "C:\\Users\\Parsh\\Downloads\\memory-ticket-app-prompt\\src\\screens\\MemoryDetails.tsx"
2026-06-11T08:48:12.071983Z  INFO tailwindcss_oxide::scanner: Reading "C:\\Users\\Parsh\\Downloads\\memory-ticket-app-prompt\\src\\screens\\Home.tsx"
2026-06-11T08:48:12.072012Z  INFO tailwindcss_oxide::scanner: Reading "C:\\Users\\Parsh\\Downloads\\memory-ticket-app-prompt\\src\\screens\\MoodAnalytics.tsx"
2026-06-11T08:48:12.072032Z  INFO tailwindcss_oxide::scanner: Reading "C:\\Users\\Parsh\\Downloads\\memory-ticket-app-prompt\\src\\components\\Ticket.tsx"
2026-06-11T08:48:12.072052Z  INFO tailwindcss_oxide::scanner: Reading "C:\\Users\\Parsh\\Downloads\\memory-ticket-app-prompt\\src\\storage.ts"
2026-06-11T08:48:12.072059Z  INFO tailwindcss_oxide::scanner: Reading "C:\\Users\\Parsh\\Downloads\\memory-ticket-app-prompt\\src\\utils\\captions.ts"
2026-06-11T08:48:12.072065Z  INFO tailwindcss_oxide::scanner: Reading "C:\\Users\\Parsh\\Downloads\\memory-ticket-app-prompt\\src\\vite-env.d.ts"
2026-06-11T08:48:12.072211Z  INFO tailwindcss_oxide::scanner: Reading "C:\\Users\\Parsh\\Downloads\\memory-ticket-app-prompt\\src\\main.tsx"
2026-06-11T08:48:12.072214Z  INFO tailwindcss_oxide::scanner: Reading "C:\\Users\\Parsh\\Downloads\\memory-ticket-app-prompt\\dist\\manifest.webmanifest"
2026-06-11T08:48:12.072241Z  INFO tailwindcss_oxide::scanner: Reading "C:\\Users\\Parsh\\Downloads\\memory-ticket-app-prompt\\dist\\registerSW.js"
2026-06-11T08:48:12.072295Z  INFO tailwindcss_oxide::scanner: Reading "C:\\Users\\Parsh\\Downloads\\memory-ticket-app-prompt\\vite.config.ts"
2026-06-11T08:48:12.072308Z  INFO tailwindcss_oxide::scanner: Reading "C:\\Users\\Parsh\\Downloads\\memory-ticket-app-prompt\\dist\\sw.js"
2026-06-11T08:48:12.072115Z  INFO tailwindcss_oxide::scanner: Reading "C:\\Users\\Parsh\\Downloads\\memory-ticket-app-prompt\\dist\\index.html"
2026-06-11T08:48:12.072109Z  INFO tailwindcss_oxide::scanner: Reading "C:\\Users\\Parsh\\Downloads\\memory-ticket-app-prompt\\src\\types.ts"
2026-06-11T08:48:12.072171Z  INFO tailwindcss_oxide::scanner: Reading "C:\\Users\\Parsh\\Downloads\\memory-ticket-app-prompt\\tsconfig.json"
2026-06-11T08:48:12.072308Z  INFO tailwindcss_oxide::scanner: Reading "C:\\Users\\Parsh\\Downloads\\memory-ticket-app-prompt\\src\\utils\\cn.ts"
2026-06-11T08:48:12.072170Z  INFO tailwindcss_oxide::scanner: Reading "C:\\Users\\Parsh\\Downloads\\memory-ticket-app-prompt\\src\\utils\\capture.ts"
2026-06-11T08:48:12.073094Z  INFO extract_candidates:read_all_files: tailwindcss_oxide::scanner: exit
2026-06-11T08:48:12.073117Z  INFO extract_candidates:parse_all_blobs: tailwindcss_oxide::scanner: enter
2026-06-11T08:48:12.073132Z  INFO extract_candidates:parse_all_blobs:extract: tailwindcss_oxide::scanner: enter
2026-06-11T08:48:12.080886Z  INFO extract_candidates:parse_all_blobs:extract: tailwindcss_oxide::scanner: exit
2026-06-11T08:48:12.080962Z  INFO extract_candidates:parse_all_blobs: tailwindcss_oxide::scanner: exit
2026-06-11T08:48:12.080975Z  INFO extract_candidates:read_all_files: tailwindcss_oxide::scanner: enter
2026-06-11T08:48:12.081040Z  INFO extract_candidates:read_all_files: tailwindcss_oxide::scanner: Reading 1 file(s)
2026-06-11T08:48:12.081182Z  INFO extract_candidates:read_all_files: tailwindcss_oxide::scanner: Reading "C:\\Users\\Parsh\\Downloads\\memory-ticket-app-prompt\\src\\index.css"
2026-06-11T08:48:12.081201Z  INFO extract_candidates:read_all_files: tailwindcss_oxide::scanner: exit
2026-06-11T08:48:12.081213Z  INFO extract_candidates:extract_css_variables: tailwindcss_oxide::scanner: enter
2026-06-11T08:48:12.081221Z  INFO extract_candidates:extract_css_variables:extract: tailwindcss_oxide::scanner: enter
2026-06-11T08:48:12.081371Z  INFO extract_candidates:extract_css_variables:extract: tailwindcss_oxide::scanner: exit
2026-06-11T08:48:12.081390Z  INFO extract_candidates:extract_css_variables: tailwindcss_oxide::scanner: exit
2026-06-11T08:48:12.082472Z  INFO extract_candidates: tailwindcss_oxide::scanner: exit
2026-06-11T08:48:12.084767Z  INFO get_files: tailwindcss_oxide::scanner: enter
2026-06-11T08:48:12.084797Z  INFO get_files:scan_sources: tailwindcss_oxide::scanner: enter
2026-06-11T08:48:12.085781Z  INFO get_files:scan_sources: tailwindcss_oxide::scanner: Discovering "C:\\Users\\Parsh\\Downloads\\memory-ticket-app-prompt\\.idea"
2026-06-11T08:48:12.086249Z  INFO get_files:scan_sources: tailwindcss_oxide::scanner: Discovering "C:\\Users\\Parsh\\Downloads\\memory-ticket-app-prompt\\.idea\\caches"
2026-06-11T08:48:12.086811Z  INFO get_files:scan_sources: tailwindcss_oxide::scanner: Discovering "C:\\Users\\Parsh\\Downloads\\memory-ticket-app-prompt\\dist"
2026-06-11T08:48:12.087913Z  INFO get_files:scan_sources: tailwindcss_oxide::scanner: Discovering "C:\\Users\\Parsh\\Downloads\\memory-ticket-app-prompt\\public"
2026-06-11T08:48:12.088317Z  INFO get_files:scan_sources: tailwindcss_oxide::scanner: Discovering "C:\\Users\\Parsh\\Downloads\\memory-ticket-app-prompt\\src"
2026-06-11T08:48:12.088564Z  INFO get_files:scan_sources: tailwindcss_oxide::scanner: Discovering "C:\\Users\\Parsh\\Downloads\\memory-ticket-app-prompt\\src\\components"
2026-06-11T08:48:12.089058Z  INFO get_files:scan_sources: tailwindcss_oxide::scanner: Discovering "C:\\Users\\Parsh\\Downloads\\memory-ticket-app-prompt\\src\\hooks"
2026-06-11T08:48:12.089446Z  INFO get_files:scan_sources: tailwindcss_oxide::scanner: Discovering "C:\\Users\\Parsh\\Downloads\\memory-ticket-app-prompt\\src\\screens"
2026-06-11T08:48:12.090057Z  INFO get_files:scan_sources: tailwindcss_oxide::scanner: Discovering "C:\\Users\\Parsh\\Downloads\\memory-ticket-app-prompt\\src\\utils"
2026-06-11T08:48:12.090600Z  INFO get_files:scan_sources: tailwindcss_oxide::scanner: exit
2026-06-11T08:48:12.090779Z  INFO get_files: tailwindcss_oxide::scanner: exit
2026-06-11T08:48:12.091206Z  INFO get_globs: tailwindcss_oxide::scanner: enter
2026-06-11T08:48:12.091226Z  INFO get_globs:scan_sources: tailwindcss_oxide::scanner: enter
2026-06-11T08:48:12.092292Z  INFO get_globs:scan_sources: tailwindcss_oxide::scanner: Discovering "C:\\Users\\Parsh\\Downloads\\memory-ticket-app-prompt\\.idea"
2026-06-11T08:48:12.092652Z  INFO get_globs:scan_sources: tailwindcss_oxide::scanner: Discovering "C:\\Users\\Parsh\\Downloads\\memory-ticket-app-prompt\\.idea\\caches"
2026-06-11T08:48:12.093374Z  INFO get_globs:scan_sources: tailwindcss_oxide::scanner: Discovering "C:\\Users\\Parsh\\Downloads\\memory-ticket-app-prompt\\dist"
2026-06-11T08:48:12.094357Z  INFO get_globs:scan_sources: tailwindcss_oxide::scanner: Discovering "C:\\Users\\Parsh\\Downloads\\memory-ticket-app-prompt\\public"
2026-06-11T08:48:12.094662Z  INFO get_globs:scan_sources: tailwindcss_oxide::scanner: Discovering "C:\\Users\\Parsh\\Downloads\\memory-ticket-app-prompt\\src"
2026-06-11T08:48:12.094947Z  INFO get_globs:scan_sources: tailwindcss_oxide::scanner: Discovering "C:\\Users\\Parsh\\Downloads\\memory-ticket-app-prompt\\src\\components"
2026-06-11T08:48:12.095470Z  INFO get_globs:scan_sources: tailwindcss_oxide::scanner: Discovering "C:\\Users\\Parsh\\Downloads\\memory-ticket-app-prompt\\src\\hooks"
2026-06-11T08:48:12.096252Z  INFO get_globs:scan_sources: tailwindcss_oxide::scanner: Discovering "C:\\Users\\Parsh\\Downloads\\memory-ticket-app-prompt\\src\\screens"
2026-06-11T08:48:12.096915Z  INFO get_globs:scan_sources: tailwindcss_oxide::scanner: Discovering "C:\\Users\\Parsh\\Downloads\\memory-ticket-app-prompt\\src\\utils"
2026-06-11T08:48:12.097413Z  INFO get_globs:scan_sources: tailwindcss_oxide::scanner: exit
2026-06-11T08:48:12.102934Z  INFO get_globs: tailwindcss_oxide::scanner: exit
